<?xml version="1.0" encoding="UTF-8"?>
<!-- Generated by org.testng.reporters.JUnitReportReporter -->
<testsuite hostname="Selva" name="com.chella.automation.testng.TestCaseEbay" tests="1" failures="0" timestamp="21 Nov 2016 18:50:05 GMT" time="0.612" errors="0">
  <testcase name="checkHomepage" time="0.612" classname="com.chella.automation.testng.TestCaseEbay"/>
</testsuite> <!-- com.chella.automation.testng.TestCaseEbay -->
