<?xml version="1.0" encoding="UTF-8"?>
<!-- Generated by org.testng.reporters.JUnitReportReporter -->
<testsuite hostname="Selva" name="com.chella.automation.testng.FirstTestNGFile" tests="1" failures="0" timestamp="6 Nov 2016 06:20:37 GMT" time="13.497" errors="0">
  <testcase name="verifyHomePageTitle" time="13.497" classname="com.chella.automation.testng.FirstTestNGFile"/>
</testsuite> <!-- com.chella.automation.testng.FirstTestNGFile -->
