<?xml version="1.0" encoding="UTF-8"?>
<!-- Generated by org.testng.reporters.JUnitReportReporter -->
<testsuite hostname="Selva" name="com.chella.practice.java.algo.QuickSortTest" tests="3" failures="0" timestamp="2 Dec 2016 23:54:05 GMT" time="0.030" errors="0">
  <testcase name="positiveQuickSortTest" time="0.000" classname="com.chella.practice.java.algo.QuickSortTest"/>
  <testcase name="negativeValues" time="0.030" classname="com.chella.practice.java.algo.QuickSortTest"/>
  <testcase name="nullValue" time="0.000" classname="com.chella.practice.java.algo.QuickSortTest"/>
</testsuite> <!-- com.chella.practice.java.algo.QuickSortTest -->
