<?xml version="1.0" encoding="UTF-8"?>
<!-- Generated by org.testng.reporters.JUnitReportReporter -->
<testsuite hostname="Selva" name="com.chella.automation.testng.Google" tests="2" failures="0" timestamp="15 Nov 2016 23:58:24 GMT" time="1.815" errors="0">
  <testcase name="countResults" time="1.367" classname="com.chella.automation.testng.Google"/>
  <testcase name="google_search" time="0.448" classname="com.chella.automation.testng.Google"/>
</testsuite> <!-- com.chella.automation.testng.Google -->
