<?xml version="1.0" encoding="UTF-8"?>
<!-- Generated by org.testng.reporters.JUnitReportReporter -->
<testsuite hostname="Selva" name="com.chella.practice.java.algo.BinarySearchTest" tests="1" failures="0" timestamp="2 Dec 2016 00:21:20 GMT" time="0.050" errors="0">
  <testcase name="positveSearch" time="0.050" classname="com.chella.practice.java.algo.BinarySearchTest"/>
</testsuite> <!-- com.chella.practice.java.algo.BinarySearchTest -->
