<?xml version="1.0" encoding="UTF-8"?>
<!-- Generated by org.testng.reporters.JUnitReportReporter -->
<testsuite hostname="Selva" name="com.chella.automation.itunesapi.ItunesServiceTest" tests="3" failures="0" timestamp="23 Jun 2015 06:51:40 GMT" time="2.777" errors="0">
  <testcase name="validateInput" time="0.002" classname="com.chella.automation.itunesapi.ItunesServiceTest"/>
  <testcase name="validateBadRequest" time="1.619" classname="com.chella.automation.itunesapi.ItunesServiceTest"/>
  <testcase name="validateResponse" time="1.156" classname="com.chella.automation.itunesapi.ItunesServiceTest"/>
</testsuite> <!-- com.chella.automation.itunesapi.ItunesServiceTest -->
